// 重构日志: 0c99be33
// 重构日志: 25c8de44
// 重构日志: 5176acc3
// 重构日志: 4a4ecf02
// 同步 ID: 52c93e5c @ Tue Jun  2 18:42:59 UTC 2026
// 同步 ID: 955db1f6 @ Thu Jun  4 00:35:07 UTC 2026
// 重构日志: 02d6b646
// 重构日志: 75d7c251
// 重构日志: db86dd17
// 重构日志: 5aa1a316
// 重构日志: 923d11c6
// 重构日志: 0677977c
// 重构日志: a07ce25e
// 重构日志: dfdb829f
// 重构日志: 1f28161f
// 同步 ID: b5b86d8d @ Thu Jun 18 14:04:53 UTC 2026
// 重构日志: 72978b2e
// 重构日志: 0a357596
// 重构日志: 9ec3deba
// 同步 ID: 0f3d4797 @ Sat Jun 20 11:20:29 UTC 2026
// 重构日志: effa0492
// 重构日志: a59f2acc
// 重构日志: 7e808838
// 同步 ID: 19526c21 @ Thu Jun 25 14:28:25 UTC 2026
// 同步 ID: 60584ff8 @ Fri Jun 26 01:53:57 UTC 2026
// 同步 ID: ec23d281 @ Fri Jun 26 15:43:50 UTC 2026
